<?xml version="1.0" encoding="UTF-8"?>
<testsuite name="Cucumber" time="8.712" tests="1" skipped="0" failures="1" errors="0">
<testcase classname="Recruitment Add candidate funchionality" name="Add candidate on Recuritment module" time="8.457">
<failure/>
<system-out><![CDATA[
Given User launches in Homepage.............................................passed
When User enters below details..............................................passed
And User clicks on Login button.............................................passed
Then User dashboard page is visible.........................................passed
Given User in Dashboard page................................................passed
When User clicks on Recruitment module......................................passed
And click on candidates module..............................................undefined
And enters candidate details................................................skipped
And clicks on consent check box.............................................skipped
And clicks on save button...................................................skipped
When User enters candidate name.............................................skipped
And clicks on search button.................................................skipped
Then Candidate name is visible..............................................skipped
]]></system-out>
</testcase>
</testsuite>
