<?xml version="1.0" encoding="UTF-8"?>
<testsuite name="Cucumber" time="21.829" tests="1" skipped="0" failures="1" errors="0">
<testcase classname="Recruitment Add candidate funchionality" name="Add candidate on Recuritment module" time="21.57">
<failure type="org.openqa.selenium.TimeoutException" message="Expected condition failed: waiting for element to be clickable: [[ChromeDriver: chrome on windows (9ea0c41bc2084bf93d80398dfb92f1ed)] -&gt; xpath: //i[contains(@class,'oxd-checkbox-input-icon')]] (tried for 10 second(s) with 500 milliseconds interval)
Build info: version: '4.25.0', revision: '8a8aea2337'
System info: os.name: 'Windows 10', os.arch: 'amd64', os.version: '10.0', java.version: '21.0.8'
Driver info: org.openqa.selenium.chrome.ChromeDriver
Capabilities {acceptInsecureCerts: false, browserName: chrome, browserVersion: 142.0.7444.176, chrome: {chromedriverVersion: 142.0.7444.175 (302067f14a4..., userDataDir: C:\Users\SEM-UX~3\AppData\L...}, fedcm:accounts: true, goog:chromeOptions: {debuggerAddress: localhost:55078}, goog:processID: 7444, networkConnectionEnabled: false, pageLoadStrategy: normal, platformName: windows, proxy: Proxy(), se:cdp: ws://localhost:55078/devtoo..., se:cdpVersion: 142.0.7444.176, setWindowRect: true, strictFileInteractability: false, timeouts: {implicit: 0, pageLoad: 300000, script: 30000}, unhandledPromptBehavior: dismiss and notify, webauthn:extension:credBlob: true, webauthn:extension:largeBlob: true, webauthn:extension:minPinLength: true, webauthn:extension:prf: true, webauthn:virtualAuthenticators: true}
Session ID: 9ea0c41bc2084bf93d80398dfb92f1ed">
<![CDATA[org.openqa.selenium.TimeoutException: Expected condition failed: waiting for element to be clickable: [[ChromeDriver: chrome on windows (9ea0c41bc2084bf93d80398dfb92f1ed)] -> xpath: //i[contains(@class,'oxd-checkbox-input-icon')]] (tried for 10 second(s) with 500 milliseconds interval)
Build info: version: '4.25.0', revision: '8a8aea2337'
System info: os.name: 'Windows 10', os.arch: 'amd64', os.version: '10.0', java.version: '21.0.8'
Driver info: org.openqa.selenium.chrome.ChromeDriver
Capabilities {acceptInsecureCerts: false, browserName: chrome, browserVersion: 142.0.7444.176, chrome: {chromedriverVersion: 142.0.7444.175 (302067f14a4..., userDataDir: C:\Users\SEM-UX~3\AppData\L...}, fedcm:accounts: true, goog:chromeOptions: {debuggerAddress: localhost:55078}, goog:processID: 7444, networkConnectionEnabled: false, pageLoadStrategy: normal, platformName: windows, proxy: Proxy(), se:cdp: ws://localhost:55078/devtoo..., se:cdpVersion: 142.0.7444.176, setWindowRect: true, strictFileInteractability: false, timeouts: {implicit: 0, pageLoad: 300000, script: 30000}, unhandledPromptBehavior: dismiss and notify, webauthn:extension:credBlob: true, webauthn:extension:largeBlob: true, webauthn:extension:minPinLength: true, webauthn:extension:prf: true, webauthn:virtualAuthenticators: true}
Session ID: 9ea0c41bc2084bf93d80398dfb92f1ed
	at org.openqa.selenium.support.ui.WebDriverWait.timeoutException(WebDriverWait.java:84)
	at org.openqa.selenium.support.ui.FluentWait.until(FluentWait.java:228)
	at Utilities.Util.waitForClickable(Util.java:26)
	at Pages.Recruitment_Page.checkbox_click(Recruitment_Page.java:130)
	at Steps.Recruitment_Steps.user_consent_check(Recruitment_Steps.java:58)
	at âœ½.clicks on consent check box(file:///C:/Users/SEM-UX-Surya/eclipse-workspace/OrangeHrmApp_Automation/src/test/resources/features/Recruitment.feature:13)
]]>
</failure>
<system-out><![CDATA[
Given User in Dashboard page................................................passed
When User clicks on Recruitment module......................................passed
And click on Add module.....................................................passed
And enters candidate details................................................passed
And clicks on consent check box.............................................failed
And clicks on save button...................................................skipped
Then success message will displayed.........................................skipped
When User enters candidate name.............................................skipped
And clicks on search button.................................................skipped
Then Candidate name is visible..............................................skipped
]]></system-out>
</testcase>
</testsuite>
