<?xml version="1.0" encoding="UTF-8"?>
<!-- Generated by org.testng.reporters.JUnitXMLReporter -->
<testsuite ignored="0" hostname="DESKTOP-B2JA5BI" failures="1" tests="1" name="Default test" time="35.251" errors="0" timestamp="2025-11-21T13:35:18 IST">
  <testcase classname="io.cucumber.testng.AbstractTestNGCucumberTests" name="runScenario" time="34.64">
    <failure type="java.lang.AssertionError" message="expected [true] but found [false]">
      <![CDATA[java.lang.AssertionError: expected [true] but found [false]
at org.testng.Assert.fail(Assert.java:111)
at org.testng.Assert.failNotEquals(Assert.java:1578)
at org.testng.Assert.assertTrue(Assert.java:57)
at org.testng.Assert.assertTrue(Assert.java:67)
at Steps.AddEmployeeSteps.the_employee_record_should_be_displayed_in_the_results(AddEmployeeSteps.java:91)
at ✽.The employee record should be displayed in the results(file:///C:/Users/SEM-UX-Surya/eclipse-workspace/OrangeHrmApp_Automation/src/test/resources/features/AddEmployee.feature:28)
]]>
    </failure>
  </testcase> <!-- runScenario -->
</testsuite> <!-- Default test -->
