<?xml version="1.0" encoding="UTF-8"?>
<testng-results ignored="0" total="1" passed="1" failed="0" skipped="0">
  <reporter-output>
  </reporter-output>
  <suite started-at="2025-11-20T13:11:27 IST" name="Default suite" finished-at="2025-11-20T13:11:38 IST" duration-ms="10306">
    <groups>
      <group name="cucumber">
        <method signature="AbstractTestNGCucumberTests.runScenario(io.cucumber.testng.PickleWrapper,io.cucumber.testng.FeatureWrapper)[pri:0, instance:Utilities.Testrunner@7d20d0b]" name="runScenario" class="io.cucumber.testng.AbstractTestNGCucumberTests"/>
      </group> <!-- cucumber -->
    </groups>
    <test started-at="2025-11-20T13:11:27 IST" name="Default test" finished-at="2025-11-20T13:11:38 IST" duration-ms="10306">
      <class name="Utilities.Testrunner">
        <test-method is-config="true" signature="setUpClass(org.testng.ITestContext)[pri:0, instance:Utilities.Testrunner@7d20d0b]" started-at="2025-11-20T13:11:27 IST" name="setUpClass" finished-at="2025-11-20T13:11:28 IST" duration-ms="566" status="PASS">
          <params>
            <param index="0">
              <value>
                <![CDATA[org.testng.TestRunner@10358c32]]>
              </value>
            </param>
          </params>
          <reporter-output>
          </reporter-output>
        </test-method> <!-- setUpClass -->
        <test-method signature="runScenario(io.cucumber.testng.PickleWrapper,io.cucumber.testng.FeatureWrapper)[pri:0, instance:Utilities.Testrunner@7d20d0b]" started-at="2025-11-20T13:11:28 IST" name="runScenario" description="Runs Cucumber Scenarios" data-provider="scenarios" finished-at="2025-11-20T13:11:38 IST" duration-ms="9645" status="PASS">
          <params>
            <param index="0">
              <value>
                <![CDATA["User login using valid credentials"]]>
              </value>
            </param>
            <param index="1">
              <value>
                <![CDATA["User login funchionality"]]>
              </value>
            </param>
          </params>
          <reporter-output>
          </reporter-output>
        </test-method> <!-- runScenario -->
        <test-method is-config="true" signature="tearDownClass()[pri:0, instance:Utilities.Testrunner@7d20d0b]" started-at="2025-11-20T13:11:38 IST" name="tearDownClass" finished-at="2025-11-20T13:11:38 IST" duration-ms="50" status="PASS">
          <reporter-output>
          </reporter-output>
        </test-method> <!-- tearDownClass -->
      </class> <!-- Utilities.Testrunner -->
    </test> <!-- Default test -->
  </suite> <!-- Default suite -->
</testng-results>
