<?xml version="1.0" encoding="UTF-8"?>
<!-- Generated by org.testng.reporters.JUnitReportReporter -->
<testsuite hostname="DESKTOP-B2JA5BI" failures="0" tests="1" name="Utilities.Testrunner" time="42.290" errors="1" timestamp="2025-11-24T17:22:20 IST" skipped="0">
  <testcase classname="Utilities.Testrunner" name="runScenario" time="42.290">
    <error message="Expected condition failed: waiting for visibility of element located by By.cssSelector: div.oxd-toast.oxd-toast--success .oxd-toast-content (tried for 5 second(s) with 500 milliseconds interval)
Build info: version: &#039;4.25.0&#039;, revision: &#039;8a8aea2337&#039;
System info: os.name: &#039;Windows 10&#039;, os.arch: &#039;amd64&#039;, os.version: &#039;10.0&#039;, java.version: &#039;21.0.8&#039;
Driver info: org.openqa.selenium.chrome.ChromeDriver
Capabilities {acceptInsecureCerts: false, browserName: chrome, browserVersion: 142.0.7444.164, chrome: {chromedriverVersion: 142.0.7444.175 (302067f14a4..., userDataDir: C:\Users\SEM-UX~3\AppData\L...}, fedcm:accounts: true, goog:chromeOptions: {debuggerAddress: localhost:54711}, goog:processID: 24316, networkConnectionEnabled: false, pageLoadStrategy: normal, platformName: windows, proxy: Proxy(), se:cdp: ws://localhost:54711/devtoo..., se:cdpVersion: 142.0.7444.164, setWindowRect: true, strictFileInteractability: false, timeouts: {implicit: 0, pageLoad: 300000, script: 30000}, unhandledPromptBehavior: dismiss and notify, webauthn:extension:credBlob: true, webauthn:extension:largeBlob: true, webauthn:extension:minPinLength: true, webauthn:extension:prf: true, webauthn:virtualAuthenticators: true}
Session ID: 2e5dccd7af76ddf645e04fd91fa6d3ee" type="org.openqa.selenium.TimeoutException">
      <![CDATA[org.openqa.selenium.TimeoutException: Expected condition failed: waiting for visibility of element located by By.cssSelector: div.oxd-toast.oxd-toast--success .oxd-toast-content (tried for 5 second(s) with 500 milliseconds interval)
Build info: version: '4.25.0', revision: '8a8aea2337'
System info: os.name: 'Windows 10', os.arch: 'amd64', os.version: '10.0', java.version: '21.0.8'
Driver info: org.openqa.selenium.chrome.ChromeDriver
Capabilities {acceptInsecureCerts: false, browserName: chrome, browserVersion: 142.0.7444.164, chrome: {chromedriverVersion: 142.0.7444.175 (302067f14a4..., userDataDir: C:\Users\SEM-UX~3\AppData\L...}, fedcm:accounts: true, goog:chromeOptions: {debuggerAddress: localhost:54711}, goog:processID: 24316, networkConnectionEnabled: false, pageLoadStrategy: normal, platformName: windows, proxy: Proxy(), se:cdp: ws://localhost:54711/devtoo..., se:cdpVersion: 142.0.7444.164, setWindowRect: true, strictFileInteractability: false, timeouts: {implicit: 0, pageLoad: 300000, script: 30000}, unhandledPromptBehavior: dismiss and notify, webauthn:extension:credBlob: true, webauthn:extension:largeBlob: true, webauthn:extension:minPinLength: true, webauthn:extension:prf: true, webauthn:virtualAuthenticators: true}
Session ID: 2e5dccd7af76ddf645e04fd91fa6d3ee
at org.openqa.selenium.support.ui.WebDriverWait.timeoutException(WebDriverWait.java:84)
at org.openqa.selenium.support.ui.FluentWait.until(FluentWait.java:228)
at Pages.AddEmployeePage.getSuccessMessage(AddEmployeePage.java:108)
at Steps.AddEmployeeSteps.a_success_message_should_be_displayed(AddEmployeeSteps.java:62)
at ✽.A success message "Success" should be displayed(file:///C:/Users/SEM-UX-Surya/eclipse-workspace/OrangeHrmApp_Automation/src/test/resources/features/AddEmployee.feature:21)
]]>
    </error>
  </testcase> <!-- runScenario -->
</testsuite> <!-- Utilities.Testrunner -->
